
=== Sat Apr 20 16:27:27 2019

Packages were changed.
Update Mode: updateDependencies

The following packages were added:
  com.unity.collab-proxy@1.2.16
  com.unity.timeline@1.0.0
  com.unity.multiplayer-hlapi@1.0.2
  com.unity.xr.legacyinputhelpers@2.0.2
The following packages were updated:
  com.unity.analytics from version 2.0.16 to 3.3.2
  com.unity.package-manager-ui from version 2.0.7 to 2.1.2
  com.unity.purchasing from version 2.0.3 to 2.0.6
  com.unity.textmeshpro from version 1.2.4 to 2.0.0

=== Thu Jun 13 10:51:13 2019

Packages were changed.
Update Mode: updateDependencies

The following packages were updated:
  com.unity.textmeshpro from version 2.0.0 to 2.0.1

=== Wed Nov 27 17:56:53 2019

Packages were changed.
Update Mode: updateDependencies

The following packages were added:
  com.unity.2d.tilemap@1.0.0
  com.unity.ext.nunit@1.0.0
  com.unity.test-framework@1.0.13
  com.unity.2d.sprite@1.0.0
  com.unity.ide.vscode@1.1.2
  com.unity.ide.rider@1.1.0
  com.unity.ugui@1.0.0
  com.unity.modules.androidjni@1.0.0
The following packages were updated:
  com.unity.package-manager-ui from version 2.1.2 to 2.2.0
  com.unity.timeline from version 1.0.0 to 1.1.0

=== Wed Dec 11 10:05:12 2019

Packages were changed.
Update Mode: updateDependencies

The following packages were updated:
  com.unity.ide.vscode from version 1.1.2 to 1.1.3

=== Sun Feb 23 08:22:06 2020

Packages were changed.
Update Mode: mergeDefaultDependencies

The following packages were added:
  com.unity.ide.rider@1.0.8
  com.unity.ide.visualstudio@1.0.11
